0 info it worked if it ends with ok
1 verbose cli [ 'C:\\Program Files\\nodejs\\node.exe',
1 verbose cli   'C:\\Program Files\\nodejs\\node_modules\\npm\\bin\\npm-cli.js',
1 verbose cli   'install',
1 verbose cli   'simplemde',
1 verbose cli   '--save' ]
2 info using npm@3.3.12
3 info using node@v5.4.1
4 silly loadCurrentTree Starting
5 silly install loadCurrentTree
6 silly install readLocalPackageData
7 silly fetchPackageMetaData simplemde
8 silly fetchNamedPackageData simplemde
9 silly mapToRegistry name simplemde
10 silly mapToRegistry using default registry
11 silly mapToRegistry registry https://registry.npmjs.org/
12 silly mapToRegistry uri https://registry.npmjs.org/simplemde
13 verbose request uri https://registry.npmjs.org/simplemde
14 verbose request no auth needed
15 info attempt registry request try #1 at 23:50:09
16 verbose request id 6dbaa8e3581971eb
17 http request GET https://registry.npmjs.org/simplemde
18 http 200 https://registry.npmjs.org/simplemde
19 verbose headers { server: 'CouchDB/1.5.0 (Erlang OTP/R16B03)',
19 verbose headers   etag: '"CWQNVQCS6ZADPNIYMJF8AXH8L"',
19 verbose headers   'content-type': 'application/json',
19 verbose headers   'cache-control': 'max-age=300',
19 verbose headers   'content-length': '33213',
19 verbose headers   'accept-ranges': 'bytes',
19 verbose headers   date: 'Mon, 02 May 2016 15:50:07 GMT',
19 verbose headers   via: '1.1 varnish',
19 verbose headers   age: '0',
19 verbose headers   connection: 'keep-alive',
19 verbose headers   'x-served-by': 'cache-fra1226-FRA',
19 verbose headers   'x-cache': 'MISS',
19 verbose headers   'x-cache-hits': '0',
19 verbose headers   'x-timer': 'S1462204207.442531,VS0,VE215',
19 verbose headers   vary: 'Accept-Encoding' }
20 silly get cb [ 200,
20 silly get   { server: 'CouchDB/1.5.0 (Erlang OTP/R16B03)',
20 silly get     etag: '"CWQNVQCS6ZADPNIYMJF8AXH8L"',
20 silly get     'content-type': 'application/json',
20 silly get     'cache-control': 'max-age=300',
20 silly get     'content-length': '33213',
20 silly get     'accept-ranges': 'bytes',
20 silly get     date: 'Mon, 02 May 2016 15:50:07 GMT',
20 silly get     via: '1.1 varnish',
20 silly get     age: '0',
20 silly get     connection: 'keep-alive',
20 silly get     'x-served-by': 'cache-fra1226-FRA',
20 silly get     'x-cache': 'MISS',
20 silly get     'x-cache-hits': '0',
20 silly get     'x-timer': 'S1462204207.442531,VS0,VE215',
20 silly get     vary: 'Accept-Encoding' } ]
21 verbose get saving simplemde to C:\Users\hcche\AppData\Roaming\npm-cache\registry.npmjs.org\simplemde\.cache.json
22 verbose makeDirectory C:\Users\hcche\AppData\Roaming\npm-cache creation not in flight; initializing
23 verbose makeCacheDir UID & GID are irrelevant on win32
24 silly install normalizeTree
25 silly loadCurrentTree Finishing
26 silly loadIdealTree Starting
27 silly install loadIdealTree
28 silly cloneCurrentTree Starting
29 silly install cloneCurrentTreeToIdealTree
30 silly cloneCurrentTree Finishing
31 silly loadShrinkwrap Starting
32 silly install loadShrinkwrap
33 silly loadShrinkwrap Finishing
34 silly loadAllDepsIntoIdealTree Starting
35 silly install loadAllDepsIntoIdealTree
36 silly resolveWithNewModule simplemde@1.10.1 checking installable status
37 silly cache add args [ 'simplemde', null ]
38 verbose cache add spec simplemde
39 silly cache add parsed spec Result {
39 silly cache add   raw: 'simplemde',
39 silly cache add   scope: null,
39 silly cache add   name: 'simplemde',
39 silly cache add   rawSpec: '',
39 silly cache add   spec: '*',
39 silly cache add   type: 'range' }
40 silly addNamed simplemde@*
41 verbose addNamed "*" is a valid semver range for simplemde
42 silly addNameRange { name: 'simplemde', range: '*', hasData: false }
43 silly mapToRegistry name simplemde
44 silly mapToRegistry using default registry
45 silly mapToRegistry registry https://registry.npmjs.org/
46 silly mapToRegistry uri https://registry.npmjs.org/simplemde
47 verbose addNameRange registry:https://registry.npmjs.org/simplemde not in flight; fetching
48 verbose get https://registry.npmjs.org/simplemde not expired, no request
49 silly addNameRange number 2 { name: 'simplemde', range: '*', hasData: true }
50 silly addNameRange versions [ 'simplemde',
50 silly addNameRange   [ '1.7.0',
50 silly addNameRange     '1.7.1',
50 silly addNameRange     '1.7.2',
50 silly addNameRange     '1.7.3',
50 silly addNameRange     '1.7.4',
50 silly addNameRange     '1.8.0',
50 silly addNameRange     '1.8.1',
50 silly addNameRange     '1.9.0',
50 silly addNameRange     '1.10.0',
50 silly addNameRange     '1.10.1' ] ]
51 silly addNamed simplemde@1.10.1
52 verbose addNamed "1.10.1" is a plain semver version for simplemde
53 silly mapToRegistry name simplemde
54 silly mapToRegistry using default registry
55 silly mapToRegistry registry https://registry.npmjs.org/
56 silly mapToRegistry uri https://registry.npmjs.org/simplemde
57 verbose addRemoteTarball https://registry.npmjs.org/simplemde/-/simplemde-1.10.1.tgz not in flight; adding
58 verbose addRemoteTarball [ 'https://registry.npmjs.org/simplemde/-/simplemde-1.10.1.tgz',
58 verbose addRemoteTarball   '609019888df129e6d2bd6b188840191f05b4af08' ]
59 info retry fetch attempt 1 at 23:50:11
60 info attempt registry request try #1 at 23:50:11
61 http fetch GET https://registry.npmjs.org/simplemde/-/simplemde-1.10.1.tgz
62 http fetch 200 https://registry.npmjs.org/simplemde/-/simplemde-1.10.1.tgz
63 silly fetchAndShaCheck shasum 609019888df129e6d2bd6b188840191f05b4af08
64 verbose addTmpTarball C:\Users\hcche\AppData\Local\Temp\npm-3952-9fb839db\registry.npmjs.org\simplemde\-\simplemde-1.10.1.tgz not in flight; adding
65 verbose addTmpTarball already have metadata; skipping unpack for simplemde@1.10.1
66 silly cache afterAdd simplemde@1.10.1
67 verbose afterAdd C:\Users\hcche\AppData\Roaming\npm-cache\simplemde\1.10.1\package\package.json not in flight; writing
68 verbose afterAdd C:\Users\hcche\AppData\Roaming\npm-cache\simplemde\1.10.1\package\package.json written
69 silly fetchNamedPackageData marked
70 silly mapToRegistry name marked
71 silly mapToRegistry using default registry
72 silly mapToRegistry registry https://registry.npmjs.org/
73 silly mapToRegistry uri https://registry.npmjs.org/marked
74 silly fetchOtherPackageData codemirror@github:codemirror/CodeMirror
75 silly cache add args [ 'codemirror@github:codemirror/CodeMirror', null ]
76 verbose cache add spec codemirror@github:codemirror/CodeMirror
77 silly fetchOtherPackageData codemirror-spell-checker@github:nextstepwebs/codemirror-spell-checker
78 silly cache add args [ 'codemirror-spell-checker@github:nextstepwebs/codemirror-spell-checker',
78 silly cache add   null ]
79 verbose cache add spec codemirror-spell-checker@github:nextstepwebs/codemirror-spell-checker
80 verbose request uri https://registry.npmjs.org/marked
81 verbose request no auth needed
82 info attempt registry request try #1 at 23:50:30
83 http request GET https://registry.npmjs.org/marked
84 silly cache add parsed spec Result {
84 silly cache add   raw: 'codemirror@github:codemirror/CodeMirror',
84 silly cache add   scope: null,
84 silly cache add   name: 'codemirror',
84 silly cache add   rawSpec: 'github:codemirror/CodeMirror',
84 silly cache add   spec: 'github:codemirror/CodeMirror',
84 silly cache add   type: 'hosted',
84 silly cache add   hosted:
84 silly cache add    { type: 'github',
84 silly cache add      ssh: 'git@github.com:codemirror/CodeMirror.git',
84 silly cache add      sshUrl: 'git+ssh://git@github.com/codemirror/CodeMirror.git',
84 silly cache add      httpsUrl: 'git+https://github.com/codemirror/CodeMirror.git',
84 silly cache add      gitUrl: 'git://github.com/codemirror/CodeMirror.git',
84 silly cache add      shortcut: 'github:codemirror/CodeMirror',
84 silly cache add      directUrl: 'https://raw.githubusercontent.com/codemirror/CodeMirror/master/package.json' } }
85 verbose addRemoteGit caching github:codemirror/CodeMirror
86 verbose addRemoteGit codemirror/CodeMirror is a repository hosted by github
87 silly tryGitProto attempting to clone git://github.com/codemirror/CodeMirror.git
88 silly tryClone cloning codemirror/CodeMirror via git://github.com/codemirror/CodeMirror.git
89 verbose tryClone git-github-com-codemirror-CodeMirror-git-4c362c4cd065c1b7024a1b96c8b3d1b2 not in flight; caching
90 silly cache add parsed spec Result {
90 silly cache add   raw: 'codemirror-spell-checker@github:nextstepwebs/codemirror-spell-checker',
90 silly cache add   scope: null,
90 silly cache add   name: 'codemirror-spell-checker',
90 silly cache add   rawSpec: 'github:nextstepwebs/codemirror-spell-checker',
90 silly cache add   spec: 'github:nextstepwebs/codemirror-spell-checker',
90 silly cache add   type: 'hosted',
90 silly cache add   hosted:
90 silly cache add    { type: 'github',
90 silly cache add      ssh: 'git@github.com:nextstepwebs/codemirror-spell-checker.git',
90 silly cache add      sshUrl: 'git+ssh://git@github.com/nextstepwebs/codemirror-spell-checker.git',
90 silly cache add      httpsUrl: 'git+https://github.com/nextstepwebs/codemirror-spell-checker.git',
90 silly cache add      gitUrl: 'git://github.com/nextstepwebs/codemirror-spell-checker.git',
90 silly cache add      shortcut: 'github:nextstepwebs/codemirror-spell-checker',
90 silly cache add      directUrl: 'https://raw.githubusercontent.com/nextstepwebs/codemirror-spell-checker/master/package.json' } }
91 verbose addRemoteGit caching github:nextstepwebs/codemirror-spell-checker
92 verbose addRemoteGit nextstepwebs/codemirror-spell-checker is a repository hosted by github
93 silly tryGitProto attempting to clone git://github.com/nextstepwebs/codemirror-spell-checker.git
94 silly tryClone cloning nextstepwebs/codemirror-spell-checker via git://github.com/nextstepwebs/codemirror-spell-checker.git
95 verbose tryClone git-github-com-nextstepwebs-codemirror-spell-checker-git-528d6d50717f0f60c5f2b7ca8b1c9a06 not in flight; caching
96 verbose makeDirectory C:\Users\hcche\AppData\Roaming\npm-cache\_git-remotes creation not in flight; initializing
97 verbose makeDirectory C:\Users\hcche\AppData\Roaming\npm-cache\_git-remotes creation already in flight; waiting
98 verbose makeCacheDir UID & GID are irrelevant on win32
99 verbose git clone --template=C:\Users\hcche\AppData\Roaming\npm-cache\_git-remotes\_templates --mirror git://github.com/nextstepwebs/codemirror-spell-checker.git C:\Users\hcche\AppData\Roaming\npm-cache\_git-remotes\git-github-com-nextstepwebs-codemirror-spell-checker-git-528d6d50717f0f60c5f2b7ca8b1c9a06: undefined
99 verbose git clone --template=C:\Users\hcche\AppData\Roaming\npm-cache\_git-remotes\_templates --mirror git://github.com/nextstepwebs/codemirror-spell-checker.git C:\Users\hcche\AppData\Roaming\npm-cache\_git-remotes\git-github-com-nextstepwebs-codemirror-spell-checker-git-528d6d50717f0f60c5f2b7ca8b1c9a06: undefined
100 silly tryHTTPS attempting to clone git+https://github.com/nextstepwebs/codemirror-spell-checker.git
101 silly tryClone cloning nextstepwebs/codemirror-spell-checker via git+https://github.com/nextstepwebs/codemirror-spell-checker.git
102 verbose tryClone git-https-github-com-nextstepwebs-codemirror-spell-checker-git-911c4146118b14a912529261dda362c5 not in flight; caching
103 verbose git clone --template=C:\Users\hcche\AppData\Roaming\npm-cache\_git-remotes\_templates --mirror git://github.com/codemirror/CodeMirror.git C:\Users\hcche\AppData\Roaming\npm-cache\_git-remotes\git-github-com-codemirror-CodeMirror-git-4c362c4cd065c1b7024a1b96c8b3d1b2: undefined
103 verbose git clone --template=C:\Users\hcche\AppData\Roaming\npm-cache\_git-remotes\_templates --mirror git://github.com/codemirror/CodeMirror.git C:\Users\hcche\AppData\Roaming\npm-cache\_git-remotes\git-github-com-codemirror-CodeMirror-git-4c362c4cd065c1b7024a1b96c8b3d1b2: undefined
104 silly tryHTTPS attempting to clone git+https://github.com/codemirror/CodeMirror.git
105 silly tryClone cloning codemirror/CodeMirror via git+https://github.com/codemirror/CodeMirror.git
106 verbose tryClone git-https-github-com-codemirror-CodeMirror-git-d80ba4a12ca806d08fb39d387d71f912 not in flight; caching
107 verbose git clone --template=C:\Users\hcche\AppData\Roaming\npm-cache\_git-remotes\_templates --mirror https://github.com/codemirror/CodeMirror.git C:\Users\hcche\AppData\Roaming\npm-cache\_git-remotes\git-https-github-com-codemirror-CodeMirror-git-d80ba4a12ca806d08fb39d387d71f912: undefined
107 verbose git clone --template=C:\Users\hcche\AppData\Roaming\npm-cache\_git-remotes\_templates --mirror https://github.com/codemirror/CodeMirror.git C:\Users\hcche\AppData\Roaming\npm-cache\_git-remotes\git-https-github-com-codemirror-CodeMirror-git-d80ba4a12ca806d08fb39d387d71f912: undefined
108 silly trySSH attempting to clone git@github.com:codemirror/CodeMirror.git
109 silly tryClone cloning codemirror/CodeMirror via git@github.com:codemirror/CodeMirror.git
110 verbose tryClone git-github-com-codemirror-CodeMirror-git-6d76c7ca3135e69db3f3a285fd3fffef not in flight; caching
111 verbose git clone --template=C:\Users\hcche\AppData\Roaming\npm-cache\_git-remotes\_templates --mirror https://github.com/nextstepwebs/codemirror-spell-checker.git C:\Users\hcche\AppData\Roaming\npm-cache\_git-remotes\git-https-github-com-nextstepwebs-codemirror-spell-checker-git-911c4146118b14a912529261dda362c5: undefined
111 verbose git clone --template=C:\Users\hcche\AppData\Roaming\npm-cache\_git-remotes\_templates --mirror https://github.com/nextstepwebs/codemirror-spell-checker.git C:\Users\hcche\AppData\Roaming\npm-cache\_git-remotes\git-https-github-com-nextstepwebs-codemirror-spell-checker-git-911c4146118b14a912529261dda362c5: undefined
112 silly trySSH attempting to clone git@github.com:nextstepwebs/codemirror-spell-checker.git
113 silly tryClone cloning nextstepwebs/codemirror-spell-checker via git@github.com:nextstepwebs/codemirror-spell-checker.git
114 verbose tryClone git-github-com-nextstepwebs-codemirror-spell-checker-git-d99ab01099f555d30bc70dd23d2b5276 not in flight; caching
115 error git clone --template=C:\Users\hcche\AppData\Roaming\npm-cache\_git-remotes\_templates --mirror git@github.com:nextstepwebs/codemirror-spell-checker.git C:\Users\hcche\AppData\Roaming\npm-cache\_git-remotes\git-github-com-nextstepwebs-codemirror-spell-checker-git-d99ab01099f555d30bc70dd23d2b5276: undefined
115 error git clone --template=C:\Users\hcche\AppData\Roaming\npm-cache\_git-remotes\_templates --mirror git@github.com:nextstepwebs/codemirror-spell-checker.git C:\Users\hcche\AppData\Roaming\npm-cache\_git-remotes\git-github-com-nextstepwebs-codemirror-spell-checker-git-d99ab01099f555d30bc70dd23d2b5276: undefined
116 silly fetchPackageMetaData Error: not found: git
116 silly fetchPackageMetaData     at F (C:\Program Files\nodejs\node_modules\npm\node_modules\which\which.js:78:19)
116 silly fetchPackageMetaData     at E (C:\Program Files\nodejs\node_modules\npm\node_modules\which\which.js:82:29)
116 silly fetchPackageMetaData     at C:\Program Files\nodejs\node_modules\npm\node_modules\which\which.js:93:16
116 silly fetchPackageMetaData     at FSReqWrap.oncomplete (fs.js:82:15)
116 silly fetchPackageMetaData  error for codemirror-spell-checker@github:nextstepwebs/codemirror-spell-checker { [Error: not found: git] code: 'ENOGIT' }
117 error git clone --template=C:\Users\hcche\AppData\Roaming\npm-cache\_git-remotes\_templates --mirror git@github.com:codemirror/CodeMirror.git C:\Users\hcche\AppData\Roaming\npm-cache\_git-remotes\git-github-com-codemirror-CodeMirror-git-6d76c7ca3135e69db3f3a285fd3fffef: undefined
117 error git clone --template=C:\Users\hcche\AppData\Roaming\npm-cache\_git-remotes\_templates --mirror git@github.com:codemirror/CodeMirror.git C:\Users\hcche\AppData\Roaming\npm-cache\_git-remotes\git-github-com-codemirror-CodeMirror-git-6d76c7ca3135e69db3f3a285fd3fffef: undefined
118 silly fetchPackageMetaData Error: not found: git
118 silly fetchPackageMetaData     at F (C:\Program Files\nodejs\node_modules\npm\node_modules\which\which.js:78:19)
118 silly fetchPackageMetaData     at E (C:\Program Files\nodejs\node_modules\npm\node_modules\which\which.js:82:29)
118 silly fetchPackageMetaData     at C:\Program Files\nodejs\node_modules\npm\node_modules\which\which.js:93:16
118 silly fetchPackageMetaData     at FSReqWrap.oncomplete (fs.js:82:15)
118 silly fetchPackageMetaData  error for codemirror@github:codemirror/CodeMirror { [Error: not found: git] code: 'ENOGIT' }
119 http 200 https://registry.npmjs.org/marked
120 verbose headers { server: 'CouchDB/1.5.0 (Erlang OTP/R16B03)',
120 verbose headers   etag: '"8Y2KJS7DDH32W0HCJ6208WGP0"',
120 verbose headers   'content-type': 'application/json',
120 verbose headers   'cache-control': 'max-age=300',
120 verbose headers   'content-length': '47777',
120 verbose headers   'accept-ranges': 'bytes',
120 verbose headers   date: 'Mon, 02 May 2016 15:50:28 GMT',
120 verbose headers   via: '1.1 varnish',
120 verbose headers   age: '283',
120 verbose headers   connection: 'keep-alive',
120 verbose headers   'x-served-by': 'cache-fra1233-FRA',
120 verbose headers   'x-cache': 'HIT',
120 verbose headers   'x-cache-hits': '4',
120 verbose headers   'x-timer': 'S1462204228.196975,VS0,VE0',
120 verbose headers   vary: 'Accept-Encoding' }
121 silly get cb [ 200,
121 silly get   { server: 'CouchDB/1.5.0 (Erlang OTP/R16B03)',
121 silly get     etag: '"8Y2KJS7DDH32W0HCJ6208WGP0"',
121 silly get     'content-type': 'application/json',
121 silly get     'cache-control': 'max-age=300',
121 silly get     'content-length': '47777',
121 silly get     'accept-ranges': 'bytes',
121 silly get     date: 'Mon, 02 May 2016 15:50:28 GMT',
121 silly get     via: '1.1 varnish',
121 silly get     age: '283',
121 silly get     connection: 'keep-alive',
121 silly get     'x-served-by': 'cache-fra1233-FRA',
121 silly get     'x-cache': 'HIT',
121 silly get     'x-cache-hits': '4',
121 silly get     'x-timer': 'S1462204228.196975,VS0,VE0',
121 silly get     vary: 'Accept-Encoding' } ]
122 verbose get saving marked to C:\Users\hcche\AppData\Roaming\npm-cache\registry.npmjs.org\marked\.cache.json
123 silly resolveWithNewModule marked@0.3.5 checking installable status
124 silly cache add args [ 'marked@0.3.5', null ]
125 verbose cache add spec marked@0.3.5
126 silly cache add parsed spec Result {
126 silly cache add   raw: 'marked@0.3.5',
126 silly cache add   scope: null,
126 silly cache add   name: 'marked',
126 silly cache add   rawSpec: '0.3.5',
126 silly cache add   spec: '0.3.5',
126 silly cache add   type: 'version' }
127 silly addNamed marked@0.3.5
128 verbose addNamed "0.3.5" is a plain semver version for marked
129 silly mapToRegistry name marked
130 silly mapToRegistry using default registry
131 silly mapToRegistry registry https://registry.npmjs.org/
132 silly mapToRegistry uri https://registry.npmjs.org/marked
133 verbose addNameVersion registry:https://registry.npmjs.org/marked not in flight; fetching
134 verbose get https://registry.npmjs.org/marked not expired, no request
135 silly mapToRegistry name marked
136 silly mapToRegistry using default registry
137 silly mapToRegistry registry https://registry.npmjs.org/
138 silly mapToRegistry uri https://registry.npmjs.org/marked
139 verbose addRemoteTarball https://registry.npmjs.org/marked/-/marked-0.3.5.tgz not in flight; adding
140 verbose addRemoteTarball [ 'https://registry.npmjs.org/marked/-/marked-0.3.5.tgz',
140 verbose addRemoteTarball   '4113a15ac5d7bca158a5aae07224587b9fa15b94' ]
141 info retry fetch attempt 1 at 23:50:36
142 info attempt registry request try #1 at 23:50:36
143 http fetch GET https://registry.npmjs.org/marked/-/marked-0.3.5.tgz
144 http fetch 200 https://registry.npmjs.org/marked/-/marked-0.3.5.tgz
145 silly fetchAndShaCheck shasum 4113a15ac5d7bca158a5aae07224587b9fa15b94
146 verbose addTmpTarball C:\Users\hcche\AppData\Local\Temp\npm-3952-9fb839db\registry.npmjs.org\marked\-\marked-0.3.5.tgz not in flight; adding
147 verbose addTmpTarball already have metadata; skipping unpack for marked@0.3.5
148 silly cache afterAdd marked@0.3.5
149 verbose afterAdd C:\Users\hcche\AppData\Roaming\npm-cache\marked\0.3.5\package\package.json not in flight; writing
150 verbose afterAdd C:\Users\hcche\AppData\Roaming\npm-cache\marked\0.3.5\package\package.json written
151 silly rollbackFailedOptional Starting
152 silly rollbackFailedOptional Finishing
153 silly runTopLevelLifecycles Starting
154 silly runTopLevelLifecycles Finishing
155 silly install printInstalled
156 verbose stack Error: not found: git
156 verbose stack     at F (C:\Program Files\nodejs\node_modules\npm\node_modules\which\which.js:78:19)
156 verbose stack     at E (C:\Program Files\nodejs\node_modules\npm\node_modules\which\which.js:82:29)
156 verbose stack     at C:\Program Files\nodejs\node_modules\npm\node_modules\which\which.js:93:16
156 verbose stack     at FSReqWrap.oncomplete (fs.js:82:15)
157 verbose cwd c:\Users\hcche\Documents\GitHub\jeforth.3we
158 error Windows_NT 10.0.10586
159 error argv "C:\\Program Files\\nodejs\\node.exe" "C:\\Program Files\\nodejs\\node_modules\\npm\\bin\\npm-cli.js" "install" "simplemde" "--save"
160 error node v5.4.1
161 error npm  v3.3.12
162 error code ENOGIT
163 error not found: git
164 error Failed using git.
164 error This is most likely not a problem with npm itself.
164 error Please check if you have git installed and in your PATH.
165 verbose exit [ 1, true ]
